\BOOKMARK [1][-]{section.1}{Introduction}{}
\BOOKMARK [1][-]{section.2}{Machine Description}{}
\BOOKMARK [1][-]{section.3}{CPU, Scheduling, and OS Services}{}
\BOOKMARK [2][-]{subsection.3.1}{Measurement Overhead}{section.3}
\BOOKMARK [3][-]{subsubsection.3.1.1}{Experiment Methodology}{subsection.3.1}
\BOOKMARK [3][-]{subsubsection.3.1.2}{Prediction}{subsection.3.1}
\BOOKMARK [3][-]{subsubsection.3.1.3}{Experiment Results}{subsection.3.1}
\BOOKMARK [3][-]{subsubsection.3.1.4}{Result Discussion}{subsection.3.1}
\BOOKMARK [2][-]{subsection.3.2}{Procedure Call Overhead}{section.3}
\BOOKMARK [3][-]{subsubsection.3.2.1}{Experiment Methodology}{subsection.3.2}
\BOOKMARK [3][-]{subsubsection.3.2.2}{Prediction}{subsection.3.2}
\BOOKMARK [3][-]{subsubsection.3.2.3}{Experiment Results}{subsection.3.2}
\BOOKMARK [3][-]{subsubsection.3.2.4}{Result Discussion}{subsection.3.2}
\BOOKMARK [2][-]{subsection.3.3}{System Call Overhead}{section.3}
\BOOKMARK [3][-]{subsubsection.3.3.1}{Experiment Methodology}{subsection.3.3}
\BOOKMARK [3][-]{subsubsection.3.3.2}{Experiment Results}{subsection.3.3}
\BOOKMARK [3][-]{subsubsection.3.3.3}{Result Discussion}{subsection.3.3}
\BOOKMARK [2][-]{subsection.3.4}{Task Creation Time}{section.3}
\BOOKMARK [3][-]{subsubsection.3.4.1}{Experiment Methodology}{subsection.3.4}
\BOOKMARK [3][-]{subsubsection.3.4.2}{Prediction}{subsection.3.4}
\BOOKMARK [3][-]{subsubsection.3.4.3}{Experiment Results}{subsection.3.4}
\BOOKMARK [3][-]{subsubsection.3.4.4}{Result Discussion}{subsection.3.4}
\BOOKMARK [2][-]{subsection.3.5}{Context Switch Time}{section.3}
\BOOKMARK [3][-]{subsubsection.3.5.1}{Experiment Methodology}{subsection.3.5}
\BOOKMARK [3][-]{subsubsection.3.5.2}{Prediction}{subsection.3.5}
\BOOKMARK [3][-]{subsubsection.3.5.3}{Experiment Results}{subsection.3.5}
\BOOKMARK [3][-]{subsubsection.3.5.4}{Result Discussion}{subsection.3.5}
\BOOKMARK [2][-]{subsection.3.6}{Time Consumption}{section.3}
\BOOKMARK [2][-]{subsection.3.7}{References}{section.3}
